WCCILevent   (0), 2026.04.12 12:33:01.645, SYS,  INFO,        1, Manager Start, PROJ, precast-proj-2, V 3.20 - 3.20.10 platform Windows AMD64 linked at Nov  7 2025 20:32:42 (77ea8a637e)
WCCILevent   (0), 2026.04.12 12:33:01.646, SYS,  INFO,      108, License information, Wibu CodeMeter License
WCCILevent   (0), 2026.04.12 12:33:02.679, SYS,  WARNING,   105, Invalid license, CodeMeter request for: event (9921) - returned: CmContainer Entry not found, Error 200.
WCCILevent   (0), 2026.04.12 12:33:02.684, SYS,  WARNING,   105, Invalid license, CodeMeter request for: event (9921) - returned: CmContainer Entry not found, Error 200.
WCCILevent   (0), 2026.04.12 12:33:02.686, SYS,  SEVERE,    105, Invalid license, LAPTOP-SF9TOL9F: No license found
WCCILevent   (0), 2026.04.12 12:33:02.688, SYS,  INFO,        3, Trying to connect to (SYS: 0 Data -num 0 CONN: 1) @ localhost:4897
WCCILevent   (0), 2026.04.12 12:33:02.700, SYS,  INFO,        4, Connected to (SYS: 0 Data -num 0 CONN: 1) @ LAPTOP-SF9TOL9F (::1)
WCCILevent   (0), 2026.04.12 12:33:02.707, PARAM,SEVERE,     71, DP does not exist, _Connections.Event.ManNums:_original.._value
WCCILevent   (0), 2026.04.12 12:33:02.707, PARAM,SEVERE,     71, DP does not exist, _Connections.Event.StartTimes:_original.._value
WCCILevent   (0), 2026.04.12 12:33:02.707, PARAM,SEVERE,     71, DP does not exist, _Connections.Event.HostNames:_original.._value
WCCILevent   (0), 2026.04.12 12:33:02.707, PARAM,SEVERE,     71, DP does not exist, _Connections.Driver.ManNums:_original.._value
WCCILevent   (0), 2026.04.12 12:33:02.707, PARAM,SEVERE,     71, DP does not exist, _Connections.Driver.StartTimes:_original.._value
WCCILevent   (0), 2026.04.12 12:33:02.707, PARAM,SEVERE,     71, DP does not exist, _Connections.Driver.HostNames:_original.._value
WCCILevent   (0), 2026.04.12 12:33:02.707, PARAM,SEVERE,     71, DP does not exist, _Connections.Data.ManNums:_original.._value
WCCILevent   (0), 2026.04.12 12:33:02.707, PARAM,SEVERE,     71, DP does not exist, _Connections.Data.StartTimes:_original.._value
WCCILevent   (0), 2026.04.12 12:33:02.707, PARAM,SEVERE,     71, DP does not exist, _Connections.Data.HostNames:_original.._value
WCCILevent   (0), 2026.04.12 12:33:02.707, PARAM,SEVERE,     71, DP does not exist, _Connections.Ui.ManNums:_original.._value
WCCILevent   (0), 2026.04.12 12:33:02.707, PARAM,SEVERE,     71, DP does not exist, _Connections.Ui.StartTimes:_original.._value
WCCILevent   (0), 2026.04.12 12:33:02.707, PARAM,SEVERE,     71, DP does not exist, _Connections.Ui.HostNames:_original.._value
WCCILevent   (0), 2026.04.12 12:33:02.707, PARAM,SEVERE,     71, DP does not exist, _Connections.Ctrl.ManNums:_original.._value
WCCILevent   (0), 2026.04.12 12:33:02.707, PARAM,SEVERE,     71, DP does not exist, _Connections.Ctrl.StartTimes:_original.._value
WCCILevent   (0), 2026.04.12 12:33:02.707, PARAM,SEVERE,     71, DP does not exist, _Connections.Ctrl.HostNames:_original.._value
WCCILevent   (0), 2026.04.12 12:33:02.707, PARAM,SEVERE,     71, DP does not exist, _Connections.Ascii.ManNums:_original.._value
WCCILevent   (0), 2026.04.12 12:33:02.707, PARAM,SEVERE,     71, DP does not exist, _Connections.Ascii.StartTimes:_original.._value
WCCILevent   (0), 2026.04.12 12:33:02.707, PARAM,SEVERE,     71, DP does not exist, _Connections.Ascii.HostNames:_original.._value
WCCILevent   (0), 2026.04.12 12:33:02.707, PARAM,SEVERE,     71, DP does not exist, _Connections.Api.ManNums:_original.._value
WCCILevent   (0), 2026.04.12 12:33:02.707, PARAM,SEVERE,     71, DP does not exist, _Connections.Api.StartTimes:_original.._value
WCCILevent   (0), 2026.04.12 12:33:02.707, PARAM,SEVERE,     71, DP does not exist, _Connections.Api.HostNames:_original.._value
WCCILevent   (0), 2026.04.12 12:33:02.707, PARAM,SEVERE,     71, DP does not exist, _Connections.Device.ManNums:_original.._value
WCCILevent   (0), 2026.04.12 12:33:02.707, PARAM,SEVERE,     71, DP does not exist, _Connections.Device.StartTimes:_original.._value
WCCILevent   (0), 2026.04.12 12:33:02.707, PARAM,SEVERE,     71, DP does not exist, _Connections.Device.HostNames:_original.._value
WCCILevent   (0), 2026.04.12 12:33:02.707, PARAM,SEVERE,     71, DP does not exist, _Connections.Redu.ManNums:_original.._value
WCCILevent   (0), 2026.04.12 12:33:02.707, PARAM,SEVERE,     71, DP does not exist, _Connections.Redu.StartTimes:_original.._value
WCCILevent   (0), 2026.04.12 12:33:02.707, PARAM,SEVERE,     71, DP does not exist, _Connections.Redu.HostNames:_original.._value
WCCILevent   (0), 2026.04.12 12:33:02.707, PARAM,SEVERE,     71, DP does not exist, _Connections.Report.ManNums:_original.._value
WCCILevent   (0), 2026.04.12 12:33:02.707, PARAM,SEVERE,     71, DP does not exist, _Connections.Report.StartTimes:_original.._value
WCCILevent   (0), 2026.04.12 12:33:02.707, PARAM,SEVERE,     71, DP does not exist, _Connections.Report.HostNames:_original.._value
WCCILevent   (0), 2026.04.12 12:33:02.707, PARAM,SEVERE,     71, DP does not exist, _Connections.Dde.ManNums:_original.._value
WCCILevent   (0), 2026.04.12 12:33:02.707, PARAM,SEVERE,     71, DP does not exist, _Connections.Dde.StartTimes:_original.._value
WCCILevent   (0), 2026.04.12 12:33:02.707, PARAM,SEVERE,     71, DP does not exist, _Connections.Dde.HostNames:_original.._value
WCCILevent   (0), 2026.04.12 12:33:02.707, PARAM,SEVERE,     71, DP does not exist, _Connections.Dist.ManNums:_original.._value
WCCILevent   (0), 2026.04.12 12:33:02.707, PARAM,SEVERE,     71, DP does not exist, _Connections.Dist.StartTimes:_original.._value
WCCILevent   (0), 2026.04.12 12:33:02.707, PARAM,SEVERE,     71, DP does not exist, _Connections.Dist.HostNames:_original.._value
WCCILevent   (0), 2026.04.12 12:33:02.710, SYS,  WARNING,   105, Invalid license, CodeMeter request for: event (9921) - returned: CmContainer Entry not found, Error 200.
WCCILevent   (0), 2026.04.12 12:33:02.712, SYS,  WARNING,   105, Invalid license, CodeMeter request for: event (9921) - returned: CmContainer Entry not found, Error 200.
WCCILevent   (0), 2026.04.12 12:33:02.712, SYS,  SEVERE,    105, Invalid license, LAPTOP-SF9TOL9F: No license found
WCCILevent   (0), 2026.04.12 12:33:02.712, SYS,  INFO,        6, Initialization by Data Manager finished
WCCILevent   (0), 2026.04.12 12:33:02.733, SYS,  INFO,      169, Initialize 0 dp-functions
WCCILevent   (0), 2026.04.12 12:33:02.733, SYS,  INFO,      168, Initialize 0 alerts
WCCILevent   (0), 2026.04.12 12:33:02.735, PARAM,WARNING,     7, Datapoint does not exist, UserTable, UserTable, _Users.UserId
WCCILevent   (0), 2026.04.12 12:33:02.735, PARAM,WARNING,     7, Datapoint does not exist, ManagerTable, ManagerTable, _Managers.Auth.ManType
WCCILevent   (0), 2026.04.12 12:33:02.735, PARAM,WARNING,     7, Datapoint does not exist, EventManager, doDpConnect, _System.Auth.DpType:_original.._value
WCCILevent   (0), 2026.04.12 12:33:02.735, PARAM,WARNING,     7, Datapoint does not exist, EventManager, doDpConnect, _System.Auth.Dp:_original.._value
WCCILevent   (0), 2026.04.12 12:33:02.735, PARAM,WARNING,     7, Datapoint does not exist, EventManager, doDpConnect, _System.Auth.DpAuth:_original.._value
WCCILevent   (0), 2026.04.12 12:33:02.735, PARAM,WARNING,     7, Datapoint does not exist, EventManager, doDpConnect, _System.Auth.DpAlias:_original.._value
WCCILevent   (0), 2026.04.12 12:33:02.735, PARAM,WARNING,     8, Element does not exist, EventManager, doDpConnect, _Managers.Exit
WCCILevent   (0), 2026.04.12 12:33:02.735, PARAM,WARNING,     8, Element does not exist, EventManager, doDpConnect, _Managers.Refresh
WCCILevent   (0), 2026.04.12 12:33:02.737, SYS,  WARNING,   105, Invalid license, CodeMeter request for: event (9921) - returned: CmContainer Entry not found, Error 200.
WCCILevent   (0), 2026.04.12 12:33:02.737, SYS,  SEVERE,    105, Invalid license, LAPTOP-SF9TOL9F: No license found
WCCILevent   (0), 2026.04.12 12:33:02.737, SYS,  SEVERE,    105, Invalid license, Eventmanager will shutdown after the demo period of 7200 seconds
WCCILevent   (0), 2026.04.12 12:33:02.911, SYS,  WARNING,   105, Invalid license, LAPTOP-SF9TOL9F: No license found, Running as demo version, driver
WCCILevent   (0), 2026.04.12 12:33:02.916, SYS,  INFO,        4, Connected to (SYS: 1 Driver -num 2 CONN: 1) @ LAPTOP-SF9TOL9F (::1)
WCCILevent   (0), 2026.04.12 12:33:03.084, SYS,  WARNING,   105, Invalid license, LAPTOP-SF9TOL9F: No license found, Running as demo version, driver
WCCILevent   (0), 2026.04.12 12:33:03.088, SYS,  INFO,        4, Connected to (SYS: 1 Driver -num 1 CONN: 1) @ LAPTOP-SF9TOL9F (::1)
WCCILevent   (0), 2026.04.12 12:33:03.272, SYS,  WARNING,   105, Invalid license, LAPTOP-SF9TOL9F: No license found, Running as demo version, ascii
WCCILevent   (0), 2026.04.12 12:33:03.275, SYS,  INFO,        4, Connected to (SYS: 1 Ascii -num 1 CONN: 1) @ LAPTOP-SF9TOL9F (::1)
WCCILevent   (0), 2026.04.12 12:33:03.444, SYS,  INFO,       39, Connection lost, MAN: (SYS: 1 Ascii -num 1 CONN: 1), Connection closed
WCCILevent   (0), 2026.04.12 12:33:03.526, SYS,  WARNING,   105, Invalid license, LAPTOP-SF9TOL9F: No license found, Running as demo version, ascii
WCCILevent   (0), 2026.04.12 12:33:03.530, SYS,  INFO,        4, Connected to (SYS: 1 Ascii -num 1 CONN: 1) @ LAPTOP-SF9TOL9F (::1)
WCCILevent   (0), 2026.04.12 12:33:04.021, SYS,  INFO,       39, Connection lost, MAN: (SYS: 1 Ascii -num 1 CONN: 1), Connection closed
WCCILevent   (0), 2026.04.12 12:33:04.149, SYS,  WARNING,   105, Invalid license, LAPTOP-SF9TOL9F: No license found, Running as demo version, ascii
WCCILevent   (0), 2026.04.12 12:33:04.153, SYS,  INFO,        4, Connected to (SYS: 1 Ascii -num 1 CONN: 1) @ LAPTOP-SF9TOL9F (::1)
WCCILevent   (0), 2026.04.12 12:33:08.533, SYS,  INFO,       39, Connection lost, MAN: (SYS: 1 Ascii -num 1 CONN: 1), Connection closed
WCCILevent   (0), 2026.04.12 12:33:08.610, SYS,  WARNING,   105, Invalid license, LAPTOP-SF9TOL9F: No license found, Running as demo version, ascii
WCCILevent   (0), 2026.04.12 12:33:08.614, SYS,  INFO,        4, Connected to (SYS: 1 Ascii -num 1 CONN: 1) @ LAPTOP-SF9TOL9F (::1)
WCCILevent   (0), 2026.04.12 12:33:08.712, SYS,  INFO,       39, Connection lost, MAN: (SYS: 1 Ascii -num 1 CONN: 1), Connection closed
WCCILevent   (0), 2026.04.12 12:33:08.812, SYS,  WARNING,   105, Invalid license, LAPTOP-SF9TOL9F: No license found, Running as demo version, ctrl
WCCILevent   (0), 2026.04.12 12:33:08.815, SYS,  INFO,        4, Connected to (SYS: 1 Ctrl -num 1 CONN: 1) @ LAPTOP-SF9TOL9F (::1)
WCCILevent   (0), 2026.04.12 12:33:08.852, SYS,  INFO,       39, Connection lost, MAN: (SYS: 1 Ctrl -num 1 CONN: 1), Connection closed
WCCILevent   (0), 2026.04.12 12:33:08.935, SYS,  WARNING,   105, Invalid license, LAPTOP-SF9TOL9F: No license found, Running as demo version, ascii
WCCILevent   (0), 2026.04.12 12:33:08.938, SYS,  INFO,        4, Connected to (SYS: 1 Ascii -num 1 CONN: 1) @ LAPTOP-SF9TOL9F (::1)
WCCILevent   (0), 2026.04.12 12:33:08.951, SYS,  INFO,       39, Connection lost, MAN: (SYS: 1 Ascii -num 1 CONN: 1), Connection closed
WCCILevent   (0), 2026.04.12 12:33:09.154, SYS,  WARNING,   105, Invalid license, LAPTOP-SF9TOL9F: No license found, Running as demo version, ascii
WCCILevent   (0), 2026.04.12 12:33:09.157, SYS,  INFO,        4, Connected to (SYS: 1 Ascii -num 1 CONN: 1) @ LAPTOP-SF9TOL9F (::1)
WCCILevent   (0), 2026.04.12 12:33:09.180, SYS,  INFO,       39, Connection lost, MAN: (SYS: 1 Ascii -num 1 CONN: 1), Connection closed
WCCILevent   (0), 2026.04.12 12:33:09.213, SYS,  INFO,       39, Connection lost, MAN: (SYS: 1 Driver -num 2 CONN: 1), Connection closed
WCCILevent   (0), 2026.04.12 12:33:09.244, SYS,  INFO,       39, Connection lost, MAN: (SYS: 1 Driver -num 1 CONN: 1), Connection closed
WCCILevent   (0), 2026.04.12 12:33:09.354, SYS,  INFO,        2, Manager Stop, received signal 15, exiting
WCCILevent   (0), 2026.04.12 12:33:09.354, SYS,  INFO,        2, Manager Stop, start cleanup
WCCILevent   (0), 2026.04.12 12:33:09.354, SYS,  INFO,      181, Closing connection to (SYS: 1 Data -num 0 CONN: 1)
WCCILevent   (0), 2026.04.12 12:33:09.354, SYS,  INFO,       39, Connection lost, MAN: (SYS: 1 Data -num 0 CONN: 1), Connection closed
WCCILevent   (0), 2026.04.12 12:33:09.360, SYS,  INFO,        2, Manager Stop
